<?xml version="1.0" encoding="UTF-8"?>
<!-- Generated by org.testng.reporters.JUnitReportReporter -->
<testsuite hostname="DESKTOP-0DT4K5P" failures="0" tests="5" name="test.testNG_TC5" time="0.005" errors="0" timestamp="2021-05-06T20:20:15 EET" skipped="0">
  <testcase classname="test.testNG_TC5" name="carSteer" time="0.001"/>
  <system-out/>
  <testcase classname="test.testNG_TC5" name="carKey" time="0.001"/>
  <system-out/>
  <testcase classname="test.testNG_TC5" name="carWheel" time="0.001"/>
  <system-out/>
  <testcase classname="test.testNG_TC5" name="carDoor" time="0.001"/>
  <system-out/>
  <testcase classname="test.testNG_TC5" name="carSeat" time="0.001"/>
  <system-out/>
</testsuite> <!-- test.testNG_TC5 -->
