<?xml version="1.0" encoding="UTF-8"?>
<!-- Generated by org.testng.reporters.JUnitReportReporter -->
<testsuite hostname="DESKTOP-0DT4K5P" failures="0" tests="2" name="test.testNG_TC1" time="0.009" errors="0" timestamp="2021-05-06T20:20:15 EET" skipped="0">
  <testcase classname="test.testNG_TC1" name="secondDemo" time="0.002"/>
  <system-out/>
  <testcase classname="test.testNG_TC1" name="demo2" time="0.007"/>
  <system-out/>
</testsuite> <!-- test.testNG_TC1 -->
