<?xml version="1.0" encoding="UTF-8"?>
<!-- Generated by org.testng.reporters.JUnitReportReporter -->
<testsuite hostname="DESKTOP-0DT4K5P" failures="0" tests="3" name="test.testNG_TC3" time="0.006" errors="0" timestamp="2021-05-06T20:20:15 EET" skipped="0">
  <testcase classname="test.testNG_TC3" name="mobileLoginLoan" time="0.002"/>
  <system-out/>
  <testcase classname="test.testNG_TC3" name="webLoginLoan" time="0.002"/>
  <system-out/>
  <testcase classname="test.testNG_TC3" name="apiLoginLoan" time="0.002"/>
  <system-out/>
</testsuite> <!-- test.testNG_TC3 -->
