<?xml version="1.0" encoding="UTF-8"?>
<!-- Generated by org.testng.reporters.JUnitReportReporter -->
<testsuite hostname="DESKTOP-0DT4K5P" failures="0" tests="5" name="test.testNG_TC4" time="0.010" errors="0" timestamp="2021-05-28T18:18:27 EET" skipped="1">
  <testcase classname="test.testNG_TC4" name="apiLoginLoan" time="0.001"/>
  <system-out/>
  <testcase classname="test.testNG_TC4" name="mobileLoginLoan" time="0.004"/>
  <system-out/>
  <testcase classname="test.testNG_TC4" name="apiLoginLoan2" time="0.001"/>
  <system-out/>
  <testcase classname="test.testNG_TC4" name="apiLoginLoan2" time="0.004"/>
  <system-out/>
  <testcase classname="test.testNG_TC4" name="webLoginLoan">
    <skipped/>
  </testcase> <!-- webLoginLoan -->
  <system-out/>
</testsuite> <!-- test.testNG_TC4 -->
