<?xml version="1.0" encoding="UTF-8"?>
<!-- Generated by org.testng.reporters.JUnitReportReporter -->
<testsuite hostname="DESKTOP-0DT4K5P" failures="0" tests="1" name="test.testNG_TC2" time="0.001" errors="0" timestamp="2021-05-03T16:50:25 EET" skipped="0">
  <testcase classname="test.testNG_TC2" name="demo3" time="0.001"/>
  <system-out/>
</testsuite> <!-- test.testNG_TC2 -->
